app/build/intermediates/manifest_merge_blame_file/debug/manifest-merger-blame-debug-report.txt
1<?xml version="1.0" encoding="utf-8"?>
2<manifest xmlns:android="http://schemas.android.com/apk/res/android"
3    package="com.example.contact"
4    android:versionCode="1"
5    android:versionName="1.0" >
6
7    <uses-sdk
8        android:minSdkVersion="24"
9        android:targetSdkVersion="34" />
10
11    <uses-feature
11-->src\main\AndroidManifest.xml:5:5-7:36
12        android:name="android.hardware.telephony"
12-->src\main\AndroidManifest.xml:6:9-50
13        android:required="false" />
13-->src\main\AndroidManifest.xml:7:9-33
14
15    <uses-permission android:name="android.permission.INTERNET" />
15-->src\main\AndroidManifest.xml:9:5-67
15-->src\main\AndroidManifest.xml:9:22-64
16    <uses-permission android:name="android.permission.READ_CONTACTS" />
16-->src\main\AndroidManifest.xml:11:5-72
16-->src\main\AndroidManifest.xml:11:22-69
17    <!-- permissions to write contacts -->
18    <uses-permission android:name="android.permission.WRITE_CONTACTS" />
18-->src\main\AndroidManifest.xml:13:5-73
18-->src\main\AndroidManifest.xml:13:22-70
19    <!-- permissions to make a call -->
20    <uses-permission android:name="android.permission.CALL_PHONE" />
20-->src\main\AndroidManifest.xml:15:5-68
20-->src\main\AndroidManifest.xml:15:22-66
21    <!-- permissions to send sms -->
22    <uses-permission android:name="android.permission.SEND_SMS" />
22-->src\main\AndroidManifest.xml:17:5-67
22-->src\main\AndroidManifest.xml:17:22-64
23    <!-- permissions to write sms -->
24    <uses-permission android:name="android.permission.WRITE_OBB" />
24-->src\main\AndroidManifest.xml:19:5-67
24-->src\main\AndroidManifest.xml:19:22-65
25
26    <permission
26-->[androidx.core:core:1.9.0] AndroidManifest.xml:22:5-24:47
27        android:name="com.example.contact.DYNAMIC_RECEIVER_NOT_EXPORTED_PERMISSION"
27-->[androidx.core:core:1.9.0] AndroidManifest.xml:23:9-81
28        android:protectionLevel="signature" />
28-->[androidx.core:core:1.9.0] AndroidManifest.xml:24:9-44
29
30    <uses-permission android:name="com.example.contact.DYNAMIC_RECEIVER_NOT_EXPORTED_PERMISSION" />
30-->[androidx.core:core:1.9.0] AndroidManifest.xml:26:5-97
30-->[androidx.core:core:1.9.0] AndroidManifest.xml:26:22-94
31
32    <application
32-->src\main\AndroidManifest.xml:21:5-43:19
33        android:allowBackup="true"
33-->src\main\AndroidManifest.xml:22:9-35
34        android:appComponentFactory="androidx.core.app.CoreComponentFactory"
34-->[androidx.core:core:1.9.0] AndroidManifest.xml:28:18-86
35        android:dataExtractionRules="@xml/data_extraction_rules"
35-->src\main\AndroidManifest.xml:23:9-65
36        android:debuggable="true"
37        android:enableOnBackInvokedCallback="true"
37-->src\main\AndroidManifest.xml:31:9-51
38        android:extractNativeLibs="false"
39        android:fullBackupContent="@xml/backup_rules"
39-->src\main\AndroidManifest.xml:24:9-54
40        android:icon="@mipmap/ic_launcher"
40-->src\main\AndroidManifest.xml:25:9-43
41        android:label="@string/app_name"
41-->src\main\AndroidManifest.xml:26:9-41
42        android:roundIcon="@mipmap/ic_launcher_round"
42-->src\main\AndroidManifest.xml:27:9-54
43        android:supportsRtl="true"
43-->src\main\AndroidManifest.xml:28:9-35
44        android:testOnly="true"
45        android:theme="@style/Theme.Contact" >
45-->src\main\AndroidManifest.xml:29:9-45
46        <activity
46-->src\main\AndroidManifest.xml:32:9-34:40
47            android:name="com.example.contact.CommonActivity"
47-->src\main\AndroidManifest.xml:33:13-43
48            android:exported="false" />
48-->src\main\AndroidManifest.xml:34:13-37
49        <activity
49-->src\main\AndroidManifest.xml:35:9-42:20
50            android:name="com.example.contact.MainActivity"
50-->src\main\AndroidManifest.xml:36:13-41
51            android:exported="true" >
51-->src\main\AndroidManifest.xml:37:13-36
52            <intent-filter>
52-->src\main\AndroidManifest.xml:38:13-41:29
53                <action android:name="android.intent.action.MAIN" />
53-->src\main\AndroidManifest.xml:39:17-69
53-->src\main\AndroidManifest.xml:39:25-66
54
55                <category android:name="android.intent.category.LAUNCHER" />
55-->src\main\AndroidManifest.xml:40:17-77
55-->src\main\AndroidManifest.xml:40:27-74
56            </intent-filter>
57        </activity>
58
59        <service
59-->[androidx.room:room-runtime:2.6.0] AndroidManifest.xml:24:9-28:63
60            android:name="androidx.room.MultiInstanceInvalidationService"
60-->[androidx.room:room-runtime:2.6.0] AndroidManifest.xml:25:13-74
61            android:directBootAware="true"
61-->[androidx.room:room-runtime:2.6.0] AndroidManifest.xml:26:13-43
62            android:exported="false" />
62-->[androidx.room:room-runtime:2.6.0] AndroidManifest.xml:27:13-37
63
64        <provider
64-->[androidx.emoji2:emoji2:1.2.0] AndroidManifest.xml:24:9-32:20
65            android:name="androidx.startup.InitializationProvider"
65-->[androidx.emoji2:emoji2:1.2.0] AndroidManifest.xml:25:13-67
66            android:authorities="com.example.contact.androidx-startup"
66-->[androidx.emoji2:emoji2:1.2.0] AndroidManifest.xml:26:13-68
67            android:exported="false" >
67-->[androidx.emoji2:emoji2:1.2.0] AndroidManifest.xml:27:13-37
68            <meta-data
68-->[androidx.emoji2:emoji2:1.2.0] AndroidManifest.xml:29:13-31:52
69                android:name="androidx.emoji2.text.EmojiCompatInitializer"
69-->[androidx.emoji2:emoji2:1.2.0] AndroidManifest.xml:30:17-75
70                android:value="androidx.startup" />
70-->[androidx.emoji2:emoji2:1.2.0] AndroidManifest.xml:31:17-49
71            <meta-data
71-->[androidx.lifecycle:lifecycle-process:2.6.2] AndroidManifest.xml:29:13-31:52
72                android:name="androidx.lifecycle.ProcessLifecycleInitializer"
72-->[androidx.lifecycle:lifecycle-process:2.6.2] AndroidManifest.xml:30:17-78
73                android:value="androidx.startup" />
73-->[androidx.lifecycle:lifecycle-process:2.6.2] AndroidManifest.xml:31:17-49
74            <meta-data
74-->[androidx.profileinstaller:profileinstaller:1.3.0] AndroidManifest.xml:29:13-31:52
75                android:name="androidx.profileinstaller.ProfileInstallerInitializer"
75-->[androidx.profileinstaller:profileinstaller:1.3.0] AndroidManifest.xml:30:17-85
76                android:value="androidx.startup" />
76-->[androidx.profileinstaller:profileinstaller:1.3.0] AndroidManifest.xml:31:17-49
77        </provider>
78
79        <uses-library
79-->[androidx.window:window:1.0.0] AndroidManifest.xml:25:9-27:40
80            android:name="androidx.window.extensions"
80-->[androidx.window:window:1.0.0] AndroidManifest.xml:26:13-54
81            android:required="false" />
81-->[androidx.window:window:1.0.0] AndroidManifest.xml:27:13-37
82        <uses-library
82-->[androidx.window:window:1.0.0] AndroidManifest.xml:28:9-30:40
83            android:name="androidx.window.sidecar"
83-->[androidx.window:window:1.0.0] AndroidManifest.xml:29:13-51
84            android:required="false" />
84-->[androidx.window:window:1.0.0] AndroidManifest.xml:30:13-37
85
86        <receiver
86-->[androidx.profileinstaller:profileinstaller:1.3.0] AndroidManifest.xml:34:9-52:20
87            android:name="androidx.profileinstaller.ProfileInstallReceiver"
87-->[androidx.profileinstaller:profileinstaller:1.3.0] AndroidManifest.xml:35:13-76
88            android:directBootAware="false"
88-->[androidx.profileinstaller:profileinstaller:1.3.0] AndroidManifest.xml:36:13-44
89            android:enabled="true"
89-->[androidx.profileinstaller:profileinstaller:1.3.0] AndroidManifest.xml:37:13-35
90            android:exported="true"
90-->[androidx.profileinstaller:profileinstaller:1.3.0] AndroidManifest.xml:38:13-36
91            android:permission="android.permission.DUMP" >
91-->[androidx.profileinstaller:profileinstaller:1.3.0] AndroidManifest.xml:39:13-57
92            <intent-filter>
92-->[androidx.profileinstaller:profileinstaller:1.3.0] AndroidManifest.xml:40:13-42:29
93                <action android:name="androidx.profileinstaller.action.INSTALL_PROFILE" />
93-->[androidx.profileinstaller:profileinstaller:1.3.0] AndroidManifest.xml:41:17-91
93-->[androidx.profileinstaller:profileinstaller:1.3.0] AndroidManifest.xml:41:25-88
94            </intent-filter>
95            <intent-filter>
95-->[androidx.profileinstaller:profileinstaller:1.3.0] AndroidManifest.xml:43:13-45:29
96                <action android:name="androidx.profileinstaller.action.SKIP_FILE" />
96-->[androidx.profileinstaller:profileinstaller:1.3.0] AndroidManifest.xml:44:17-85
96-->[androidx.profileinstaller:profileinstaller:1.3.0] AndroidManifest.xml:44:25-82
97            </intent-filter>
98            <intent-filter>
98-->[androidx.profileinstaller:profileinstaller:1.3.0] AndroidManifest.xml:46:13-48:29
99                <action android:name="androidx.profileinstaller.action.SAVE_PROFILE" />
99-->[androidx.profileinstaller:profileinstaller:1.3.0] AndroidManifest.xml:47:17-88
99-->[androidx.profileinstaller:profileinstaller:1.3.0] AndroidManifest.xml:47:25-85
100            </intent-filter>
101            <intent-filter>
101-->[androidx.profileinstaller:profileinstaller:1.3.0] AndroidManifest.xml:49:13-51:29
102                <action android:name="androidx.profileinstaller.action.BENCHMARK_OPERATION" />
102-->[androidx.profileinstaller:profileinstaller:1.3.0] AndroidManifest.xml:50:17-95
102-->[androidx.profileinstaller:profileinstaller:1.3.0] AndroidManifest.xml:50:25-92
103            </intent-filter>
104        </receiver>
105    </application>
106
107</manifest>